<?xml version="1.0" encoding="UTF-8"?>
<!-- Generated by org.testng.reporters.JUnitXMLReporter -->
<testsuite ignored="2" hostname="NIBLP2470" failures="4" tests="8" name="All OrangeHRM Tests" time="124.543" errors="0" timestamp="2026-05-20T17:47:16 IST">
  <testcase classname="com.orangehrm.tests.LoginTest" name="verifyEmptyLogin" time="0.662"/>
  <testcase classname="com.orangehrm.tests.LoginTest" name="verifyInvalidLogin" time="1.946"/>
  <testcase classname="com.orangehrm.tests.LoginTest" name="verifyLogout" time="22.006">
    <failure type="java.lang.AssertionError" message="Dashboard should be displayed! expected [true] but found [false]">
      <![CDATA[java.lang.AssertionError: Dashboard should be displayed! expected [true] but found [false]
at com.orangehrm.tests.LoginTest.verifyLogout(LoginTest.java:126)
at java.base/java.util.ArrayList.forEach(ArrayList.java:1596)
... Removed 28 stack frames]]>
    </failure>
  </testcase> <!-- verifyLogout -->
  <testcase classname="com.orangehrm.tests.LoginTest" name="verifyValidLogin" time="22.513">
    <failure type="java.lang.AssertionError" message="Dashboard should be displayed after valid login! expected [true] but found [false]">
      <![CDATA[java.lang.AssertionError: Dashboard should be displayed after valid login! expected [true] but found [false]
at com.orangehrm.tests.LoginTest.verifyValidLogin(LoginTest.java:41)
at java.base/java.util.ArrayList.forEach(ArrayList.java:1596)
... Removed 28 stack frames]]>
    </failure>
  </testcase> <!-- verifyValidLogin -->
  <testcase classname="com.orangehrm.tests.DashboardTest" name="verifyAdminMenuNavigation" time="3.091"/>
  <testcase classname="com.orangehrm.tests.DashboardTest" name="verifyDashboardTitle" time="22.099">
    <failure type="org.openqa.selenium.TimeoutException" message="Expected condition failed: waiting for visibility of element located by By.xpath: //h6[contains(text(),&amp;apos;Dashboard&amp;apos;)] (tried for 15 second(s) with 500 milliseconds interval)
Build info: version: &amp;apos;4.18.1&amp;apos;, revision: &amp;apos;b1d3319b48&amp;apos;
System info: os.name: &amp;apos;Windows 11&amp;apos;, os.arch: &amp;apos;amd64&amp;apos;, os.version: &amp;apos;10.0&amp;apos;, java.version: &amp;apos;21.0.10&amp;apos;
Driver info: org.openqa.selenium.chrome.ChromeDriver
Capabilities {acceptInsecureCerts: false, browserName: chrome, browserVersion: 148.0.7778.168, chrome: {chromedriverVersion: 148.0.7778.178 (d096af1c9e9..., userDataDir: C:\Users\joshnam\AppData\Lo...}, fedcm:accounts: true, goog:chromeOptions: {debuggerAddress: localhost:51928}, goog:processID: 32700, networkConnectionEnabled: false, pageLoadStrategy: normal, platformName: windows, proxy: Proxy(), se:cdp: ws://localhost:51928/devtoo..., se:cdpVersion: 148.0.7778.168, setWindowRect: true, strictFileInteractability: false, timeouts: {implicit: 0, pageLoad: 300000, script: 30000}, unhandledPromptBehavior: dismiss and notify, webauthn:extension:credBlob: true, webauthn:extension:largeBlob: true, webauthn:extension:minPinLength: true, webauthn:extension:prf: true, webauthn:virtualAuthenticators: true}
Session ID: 610d72c1707cc258f82cc34d6c5b0817">
      <![CDATA[org.openqa.selenium.TimeoutException: Expected condition failed: waiting for visibility of element located by By.xpath: //h6[contains(text(),'Dashboard')] (tried for 15 second(s) with 500 milliseconds interval)
Build info: version: '4.18.1', revision: 'b1d3319b48'
System info: os.name: 'Windows 11', os.arch: 'amd64', os.version: '10.0', java.version: '21.0.10'
Driver info: org.openqa.selenium.chrome.ChromeDriver
Capabilities {acceptInsecureCerts: false, browserName: chrome, browserVersion: 148.0.7778.168, chrome: {chromedriverVersion: 148.0.7778.178 (d096af1c9e9..., userDataDir: C:\Users\joshnam\AppData\Lo...}, fedcm:accounts: true, goog:chromeOptions: {debuggerAddress: localhost:51928}, goog:processID: 32700, networkConnectionEnabled: false, pageLoadStrategy: normal, platformName: windows, proxy: Proxy(), se:cdp: ws://localhost:51928/devtoo..., se:cdpVersion: 148.0.7778.168, setWindowRect: true, strictFileInteractability: false, timeouts: {implicit: 0, pageLoad: 300000, script: 30000}, unhandledPromptBehavior: dismiss and notify, webauthn:extension:credBlob: true, webauthn:extension:largeBlob: true, webauthn:extension:minPinLength: true, webauthn:extension:prf: true, webauthn:virtualAuthenticators: true}
Session ID: 610d72c1707cc258f82cc34d6c5b0817
at org.openqa.selenium.support.ui.WebDriverWait.timeoutException(WebDriverWait.java:84)
at org.openqa.selenium.support.ui.FluentWait.until(FluentWait.java:228)
at com.orangehrm.pages.DashboardPage.getDashboardTitle(DashboardPage.java:54)
at com.orangehrm.tests.DashboardTest.verifyDashboardTitle(DashboardTest.java:38)
at java.base/java.util.ArrayList.forEach(ArrayList.java:1596)
... Removed 25 stack frames]]>
    </failure>
  </testcase> <!-- verifyDashboardTitle -->
  <testcase classname="com.orangehrm.tests.DashboardTest" name="verifyDashboardUrl" time="1.725"/>
  <testcase classname="com.orangehrm.tests.DashboardTest" name="verifyWelcomeMessage" time="2.917">
    <failure type="java.lang.AssertionError" message="Welcome message should contain Admin! expected [true] but found [false]">
      <![CDATA[java.lang.AssertionError: Welcome message should contain Admin! expected [true] but found [false]
at com.orangehrm.tests.DashboardTest.verifyWelcomeMessage(DashboardTest.java:73)
at java.base/java.util.ArrayList.forEach(ArrayList.java:1596)
... Removed 28 stack frames]]>
    </failure>
  </testcase> <!-- verifyWelcomeMessage -->
  <testcase classname="com.orangehrm.base.BaseTest" name="@BeforeSuite setupReport" time="0.0">
    <ignored/>
  </testcase> <!-- @BeforeSuite setupReport -->
  <testcase classname="com.orangehrm.base.BaseTest" name="@AfterSuite teardownReport" time="0.0">
    <ignored/>
  </testcase> <!-- @AfterSuite teardownReport -->
</testsuite> <!-- All OrangeHRM Tests -->
