<?xml version="1.0" encoding="UTF-8"?>
<!-- Generated by org.testng.reporters.JUnitXMLReporter -->
<testsuite ignored="0" hostname="NIBLP2470" failures="0" tests="4" name="Dashboard Tests" time="37.193" errors="0" timestamp="2026-05-22T12:06:57 IST">
  <testcase classname="com.orangehrm.tests.DashboardTest" name="verifyDashboardTitle" time="2.055"/>
  <testcase classname="com.orangehrm.tests.DashboardTest" name="verifyWelcomeMessage" time="2.056"/>
  <testcase classname="com.orangehrm.tests.DashboardTest" name="verifyDashboardUrl" time="1.457"/>
  <testcase classname="com.orangehrm.tests.DashboardTest" name="verifyAdminMenuNavigation" time="3.876"/>
</testsuite> <!-- Dashboard Tests -->
