<?xml version="1.0" encoding="UTF-8"?>
<!-- Generated by org.testng.reporters.JUnitXMLReporter -->
<testsuite ignored="0" hostname="NIBLP2470" failures="0" tests="4" name="Dashboard Tests" time="68.138" errors="0" timestamp="2026-05-21T14:25:11 IST">
  <testcase classname="com.orangehrm.tests.DashboardTest" name="verifyDashboardTitle" time="12.47"/>
  <testcase classname="com.orangehrm.tests.DashboardTest" name="verifyWelcomeMessage" time="6.678"/>
  <testcase classname="com.orangehrm.tests.DashboardTest" name="verifyDashboardUrl" time="4.927"/>
  <testcase classname="com.orangehrm.tests.DashboardTest" name="verifyAdminMenuNavigation" time="8.404"/>
</testsuite> <!-- Dashboard Tests -->
