<?xml version="1.0" encoding="UTF-8"?>
<!-- Generated by org.testng.reporters.JUnitXMLReporter -->
<testsuite ignored="0" hostname="NIBLP2470" failures="0" tests="4" name="Data Driven Login Tests" time="86.291" errors="0" timestamp="2026-05-25T17:05:18 IST">
  <testcase classname="com.orangehrm.tests.DataDrivenLoginTest" name="dataDrivenLogin" time="6.793"/>
  <testcase classname="com.orangehrm.tests.DataDrivenLoginTest" name="dataDrivenLogin" time="8.783"/>
  <testcase classname="com.orangehrm.tests.DataDrivenLoginTest" name="dataDrivenLogin" time="13.156"/>
  <testcase classname="com.orangehrm.tests.DataDrivenLoginTest" name="dataDrivenLogin" time="21.789"/>
</testsuite> <!-- Data Driven Login Tests -->
