<?xml version="1.0" encoding="UTF-8"?>
<!-- Generated by org.testng.reporters.JUnitXMLReporter -->
<testsuite ignored="0" hostname="NIBLP2470" failures="0" tests="4" name="Data Driven Login Tests" time="62.286" errors="0" timestamp="2026-05-22T12:08:00 IST">
  <testcase classname="com.orangehrm.tests.DataDrivenLoginTest" name="dataDrivenLogin" time="1.76"/>
  <testcase classname="com.orangehrm.tests.DataDrivenLoginTest" name="dataDrivenLogin" time="2.965"/>
  <testcase classname="com.orangehrm.tests.DataDrivenLoginTest" name="dataDrivenLogin" time="2.147"/>
  <testcase classname="com.orangehrm.tests.DataDrivenLoginTest" name="dataDrivenLogin" time="21.085"/>
</testsuite> <!-- Data Driven Login Tests -->
