<?xml version="1.0" encoding="UTF-8"?>
<!-- Generated by org.testng.reporters.JUnitXMLReporter -->
<testsuite ignored="0" hostname="NIBLP2470" failures="0" tests="4" name="Login Tests" time="132.936" errors="0" timestamp="2026-05-25T17:02:11 IST">
  <testcase classname="com.orangehrm.tests.LoginTest" name="validLogin" time="17.524"/>
  <testcase classname="com.orangehrm.tests.LoginTest" name="invalidLogin" time="22.552"/>
  <testcase classname="com.orangehrm.tests.LoginTest" name="emptyLogin" time="22.009"/>
  <testcase classname="com.orangehrm.tests.LoginTest" name="logoutTest" time="26.607"/>
</testsuite> <!-- Login Tests -->
