<?xml version="1.0" encoding="UTF-8"?>
<!-- Generated by org.testng.reporters.JUnitXMLReporter -->
<testsuite ignored="0" hostname="NIBLP2470" failures="0" tests="4" name="Login Tests" time="80.058" errors="0" timestamp="2026-05-21T14:25:23 IST">
  <testcase classname="com.orangehrm.tests.LoginTest" name="validLogin" time="7.419"/>
  <testcase classname="com.orangehrm.tests.LoginTest" name="invalidLogin" time="6.613"/>
  <testcase classname="com.orangehrm.tests.LoginTest" name="emptyLogin" time="22.945"/>
  <testcase classname="com.orangehrm.tests.LoginTest" name="logoutTest" time="6.935"/>
</testsuite> <!-- Login Tests -->
