<?xml version="1.0" encoding="UTF-8"?>
<!-- Generated by org.testng.reporters.JUnitXMLReporter -->
<testsuite ignored="0" hostname="NIBLP2470" failures="0" tests="4" name="PIM Tests" time="109.939" errors="0" timestamp="2026-05-25T17:07:08 IST">
  <testcase classname="com.orangehrm.tests.PIMTest" name="verifyEmployeeListPage" time="14.548"/>
  <testcase classname="com.orangehrm.tests.PIMTest" name="verifyAddEmployeePageLoads" time="31.41"/>
  <testcase classname="com.orangehrm.tests.PIMTest" name="addNewEmployee" time="15.257"/>
  <testcase classname="com.orangehrm.tests.PIMTest" name="verifyCancelButton" time="15.064"/>
</testsuite> <!-- PIM Tests -->
