<?xml version="1.0" encoding="UTF-8"?>
<testng-results ignored="0" total="8" passed="8" failed="0" skipped="0">
  <reporter-output>
  </reporter-output>
  <suite started-at="2026-05-21T14:24:03 IST" name="OrangeHRM Test Suite" finished-at="2026-05-21T14:25:23 IST" duration-ms="80058">
    <groups>
    </groups>
    <test started-at="2026-05-21T14:24:03 IST" name="Dashboard Tests" finished-at="2026-05-21T14:25:11 IST" duration-ms="68138">
      <class name="com.orangehrm.tests.DashboardTest">
        <test-method is-config="true" signature="setUp()[pri:0, instance:com.orangehrm.tests.DashboardTest@2aceadd4]" started-at="2026-05-21T14:24:03 IST" name="setUp" finished-at="2026-05-21T14:24:17 IST" duration-ms="14318" status="PASS">
          <reporter-output>
          </reporter-output>
        </test-method> <!-- setUp -->
        <test-method signature="verifyDashboardTitle()[pri:1, instance:com.orangehrm.tests.DashboardTest@2aceadd4]" started-at="2026-05-21T14:24:17 IST" name="verifyDashboardTitle" description="Verify dashboard title after login" finished-at="2026-05-21T14:24:30 IST" duration-ms="12470" status="PASS">
          <reporter-output>
          </reporter-output>
        </test-method> <!-- verifyDashboardTitle -->
        <test-method is-config="true" signature="tearDown(org.testng.ITestResult)[pri:0, instance:com.orangehrm.tests.DashboardTest@2aceadd4]" started-at="2026-05-21T14:24:30 IST" name="tearDown" finished-at="2026-05-21T14:24:30 IST" duration-ms="204" status="PASS">
          <params>
            <param index="0">
              <value>
                <![CDATA[[TestResult name=verifyDashboardTitle status=SUCCESS method=DashboardTest.verifyDashboardTitle()[pri:1, instance:com.orangehrm.tests.DashboardTest@2aceadd4] output={null}]]]>
              </value>
            </param>
          </params>
          <reporter-output>
          </reporter-output>
        </test-method> <!-- tearDown -->
        <test-method is-config="true" signature="setUp()[pri:0, instance:com.orangehrm.tests.DashboardTest@2aceadd4]" started-at="2026-05-21T14:24:30 IST" name="setUp" finished-at="2026-05-21T14:24:37 IST" duration-ms="6826" status="PASS">
          <reporter-output>
          </reporter-output>
        </test-method> <!-- setUp -->
        <test-method signature="verifyWelcomeMessage()[pri:2, instance:com.orangehrm.tests.DashboardTest@2aceadd4]" started-at="2026-05-21T14:24:37 IST" name="verifyWelcomeMessage" description="Verify welcome message is displayed" finished-at="2026-05-21T14:24:44 IST" duration-ms="6678" status="PASS">
          <reporter-output>
          </reporter-output>
        </test-method> <!-- verifyWelcomeMessage -->
        <test-method is-config="true" signature="tearDown(org.testng.ITestResult)[pri:0, instance:com.orangehrm.tests.DashboardTest@2aceadd4]" started-at="2026-05-21T14:24:44 IST" name="tearDown" finished-at="2026-05-21T14:24:44 IST" duration-ms="164" status="PASS">
          <params>
            <param index="0">
              <value>
                <![CDATA[[TestResult name=verifyWelcomeMessage status=SUCCESS method=DashboardTest.verifyWelcomeMessage()[pri:2, instance:com.orangehrm.tests.DashboardTest@2aceadd4] output={null}]]]>
              </value>
            </param>
          </params>
          <reporter-output>
          </reporter-output>
        </test-method> <!-- tearDown -->
        <test-method is-config="true" signature="setUp()[pri:0, instance:com.orangehrm.tests.DashboardTest@2aceadd4]" started-at="2026-05-21T14:24:44 IST" name="setUp" finished-at="2026-05-21T14:24:50 IST" duration-ms="6616" status="PASS">
          <reporter-output>
          </reporter-output>
        </test-method> <!-- setUp -->
        <test-method signature="verifyDashboardUrl()[pri:3, instance:com.orangehrm.tests.DashboardTest@2aceadd4]" started-at="2026-05-21T14:24:50 IST" name="verifyDashboardUrl" description="Verify dashboard URL after login" finished-at="2026-05-21T14:24:55 IST" duration-ms="4927" status="PASS">
          <reporter-output>
          </reporter-output>
        </test-method> <!-- verifyDashboardUrl -->
        <test-method is-config="true" signature="tearDown(org.testng.ITestResult)[pri:0, instance:com.orangehrm.tests.DashboardTest@2aceadd4]" started-at="2026-05-21T14:24:55 IST" name="tearDown" finished-at="2026-05-21T14:24:56 IST" duration-ms="163" status="PASS">
          <params>
            <param index="0">
              <value>
                <![CDATA[[TestResult name=verifyDashboardUrl status=SUCCESS method=DashboardTest.verifyDashboardUrl()[pri:3, instance:com.orangehrm.tests.DashboardTest@2aceadd4] output={null}]]]>
              </value>
            </param>
          </params>
          <reporter-output>
          </reporter-output>
        </test-method> <!-- tearDown -->
        <test-method is-config="true" signature="setUp()[pri:0, instance:com.orangehrm.tests.DashboardTest@2aceadd4]" started-at="2026-05-21T14:24:56 IST" name="setUp" finished-at="2026-05-21T14:25:02 IST" duration-ms="6936" status="PASS">
          <reporter-output>
          </reporter-output>
        </test-method> <!-- setUp -->
        <test-method signature="verifyAdminMenuNavigation()[pri:4, instance:com.orangehrm.tests.DashboardTest@2aceadd4]" started-at="2026-05-21T14:25:02 IST" name="verifyAdminMenuNavigation" description="Verify Admin menu navigation" finished-at="2026-05-21T14:25:11 IST" duration-ms="8404" status="PASS">
          <reporter-output>
          </reporter-output>
        </test-method> <!-- verifyAdminMenuNavigation -->
        <test-method is-config="true" signature="tearDown(org.testng.ITestResult)[pri:0, instance:com.orangehrm.tests.DashboardTest@2aceadd4]" started-at="2026-05-21T14:25:11 IST" name="tearDown" finished-at="2026-05-21T14:25:11 IST" duration-ms="167" status="PASS">
          <params>
            <param index="0">
              <value>
                <![CDATA[[TestResult name=verifyAdminMenuNavigation status=SUCCESS method=DashboardTest.verifyAdminMenuNavigation()[pri:4, instance:com.orangehrm.tests.DashboardTest@2aceadd4] output={null}]]]>
              </value>
            </param>
          </params>
          <reporter-output>
          </reporter-output>
        </test-method> <!-- tearDown -->
      </class> <!-- com.orangehrm.tests.DashboardTest -->
    </test> <!-- Dashboard Tests -->
    <test started-at="2026-05-21T14:24:03 IST" name="Login Tests" finished-at="2026-05-21T14:25:23 IST" duration-ms="80058">
      <class name="com.orangehrm.tests.LoginTest">
        <test-method is-config="true" signature="setUp()[pri:0, instance:com.orangehrm.tests.LoginTest@a1153bc]" started-at="2026-05-21T14:24:03 IST" name="setUp" finished-at="2026-05-21T14:24:18 IST" duration-ms="14539" status="PASS">
          <reporter-output>
          </reporter-output>
        </test-method> <!-- setUp -->
        <test-method signature="validLogin()[pri:1, instance:com.orangehrm.tests.LoginTest@a1153bc]" started-at="2026-05-21T14:24:18 IST" name="validLogin" description="Valid login with correct credentials" finished-at="2026-05-21T14:24:25 IST" duration-ms="7419" status="PASS">
          <reporter-output>
          </reporter-output>
        </test-method> <!-- validLogin -->
        <test-method is-config="true" signature="tearDown(org.testng.ITestResult)[pri:0, instance:com.orangehrm.tests.LoginTest@a1153bc]" started-at="2026-05-21T14:24:25 IST" name="tearDown" finished-at="2026-05-21T14:24:26 IST" duration-ms="222" status="PASS">
          <params>
            <param index="0">
              <value>
                <![CDATA[[TestResult name=validLogin status=SUCCESS method=LoginTest.validLogin()[pri:1, instance:com.orangehrm.tests.LoginTest@a1153bc] output={null}]]]>
              </value>
            </param>
          </params>
          <reporter-output>
          </reporter-output>
        </test-method> <!-- tearDown -->
        <test-method is-config="true" signature="setUp()[pri:0, instance:com.orangehrm.tests.LoginTest@a1153bc]" started-at="2026-05-21T14:24:26 IST" name="setUp" finished-at="2026-05-21T14:24:32 IST" duration-ms="6448" status="PASS">
          <reporter-output>
          </reporter-output>
        </test-method> <!-- setUp -->
        <test-method signature="invalidLogin()[pri:2, instance:com.orangehrm.tests.LoginTest@a1153bc]" started-at="2026-05-21T14:24:32 IST" name="invalidLogin" description="Invalid login with wrong credentials" finished-at="2026-05-21T14:24:39 IST" duration-ms="6613" status="PASS">
          <reporter-output>
          </reporter-output>
        </test-method> <!-- invalidLogin -->
        <test-method is-config="true" signature="tearDown(org.testng.ITestResult)[pri:0, instance:com.orangehrm.tests.LoginTest@a1153bc]" started-at="2026-05-21T14:24:39 IST" name="tearDown" finished-at="2026-05-21T14:24:39 IST" duration-ms="182" status="PASS">
          <params>
            <param index="0">
              <value>
                <![CDATA[[TestResult name=invalidLogin status=SUCCESS method=LoginTest.invalidLogin()[pri:2, instance:com.orangehrm.tests.LoginTest@a1153bc] output={null}]]]>
              </value>
            </param>
          </params>
          <reporter-output>
          </reporter-output>
        </test-method> <!-- tearDown -->
        <test-method is-config="true" signature="setUp()[pri:0, instance:com.orangehrm.tests.LoginTest@a1153bc]" started-at="2026-05-21T14:24:39 IST" name="setUp" finished-at="2026-05-21T14:24:46 IST" duration-ms="6844" status="PASS">
          <reporter-output>
          </reporter-output>
        </test-method> <!-- setUp -->
        <test-method signature="emptyLogin()[pri:3, instance:com.orangehrm.tests.LoginTest@a1153bc]" started-at="2026-05-21T14:24:46 IST" name="emptyLogin" description="Login with empty credentials" finished-at="2026-05-21T14:25:09 IST" duration-ms="22945" status="PASS">
          <reporter-output>
          </reporter-output>
        </test-method> <!-- emptyLogin -->
        <test-method is-config="true" signature="tearDown(org.testng.ITestResult)[pri:0, instance:com.orangehrm.tests.LoginTest@a1153bc]" started-at="2026-05-21T14:25:09 IST" name="tearDown" finished-at="2026-05-21T14:25:09 IST" duration-ms="184" status="PASS">
          <params>
            <param index="0">
              <value>
                <![CDATA[[TestResult name=emptyLogin status=SUCCESS method=LoginTest.emptyLogin()[pri:3, instance:com.orangehrm.tests.LoginTest@a1153bc] output={null}]]]>
              </value>
            </param>
          </params>
          <reporter-output>
          </reporter-output>
        </test-method> <!-- tearDown -->
        <test-method is-config="true" signature="setUp()[pri:0, instance:com.orangehrm.tests.LoginTest@a1153bc]" started-at="2026-05-21T14:25:09 IST" name="setUp" finished-at="2026-05-21T14:25:16 IST" duration-ms="7007" status="PASS">
          <reporter-output>
          </reporter-output>
        </test-method> <!-- setUp -->
        <test-method signature="logoutTest()[pri:4, instance:com.orangehrm.tests.LoginTest@a1153bc]" started-at="2026-05-21T14:25:16 IST" name="logoutTest" description="Logout after valid login" finished-at="2026-05-21T14:25:23 IST" duration-ms="6935" status="PASS">
          <reporter-output>
          </reporter-output>
        </test-method> <!-- logoutTest -->
        <test-method is-config="true" signature="tearDown(org.testng.ITestResult)[pri:0, instance:com.orangehrm.tests.LoginTest@a1153bc]" started-at="2026-05-21T14:25:23 IST" name="tearDown" finished-at="2026-05-21T14:25:23 IST" duration-ms="168" status="PASS">
          <params>
            <param index="0">
              <value>
                <![CDATA[[TestResult name=logoutTest status=SUCCESS method=LoginTest.logoutTest()[pri:4, instance:com.orangehrm.tests.LoginTest@a1153bc] output={null}]]]>
              </value>
            </param>
          </params>
          <reporter-output>
          </reporter-output>
        </test-method> <!-- tearDown -->
      </class> <!-- com.orangehrm.tests.LoginTest -->
    </test> <!-- Login Tests -->
  </suite> <!-- OrangeHRM Test Suite -->
</testng-results>
