<?xml version="1.0" encoding="UTF-8"?>
<!-- Generated by org.testng.reporters.JUnitReportReporter -->
<testsuite hostname="NIBLP2470" failures="0" tests="4" name="com.orangehrm.tests.DashboardTest" time="100.697" errors="0" timestamp="2026-05-25T17:07:08 IST" skipped="0">
  <testcase classname="com.orangehrm.tests.DashboardTest" name="verifyDashboardTitle" time="29.789"/>
  <testcase classname="com.orangehrm.tests.DashboardTest" name="verifyWelcomeMessage" time="21.158"/>
  <testcase classname="com.orangehrm.tests.DashboardTest" name="verifyDashboardUrl" time="16.658"/>
  <testcase classname="com.orangehrm.tests.DashboardTest" name="verifyAdminMenuNavigation" time="33.092"/>
</testsuite> <!-- com.orangehrm.tests.DashboardTest -->
