<?xml version="1.0" encoding="UTF-8"?>
<!-- Generated by org.testng.reporters.JUnitReportReporter -->
<testsuite hostname="NIBLP2470" failures="0" tests="4" name="com.orangehrm.tests.LoginTest" time="62.749" errors="0" timestamp="2026-05-22T12:08:00 IST" skipped="0">
  <testcase classname="com.orangehrm.tests.LoginTest" name="validLogin" time="6.595"/>
  <testcase classname="com.orangehrm.tests.LoginTest" name="invalidLogin" time="13.507"/>
  <testcase classname="com.orangehrm.tests.LoginTest" name="emptyLogin" time="31.618"/>
  <testcase classname="com.orangehrm.tests.LoginTest" name="logoutTest" time="11.029"/>
</testsuite> <!-- com.orangehrm.tests.LoginTest -->
