<?xml version="1.0" encoding="UTF-8"?>
<!-- Generated by org.testng.reporters.JUnitReportReporter -->
<testsuite hostname="NIBLP2470" failures="0" tests="4" name="com.orangehrm.tests.DataDrivenLoginTest" time="85.826" errors="0" timestamp="2026-05-25T17:07:08 IST" skipped="0">
  <testcase classname="com.orangehrm.tests.DataDrivenLoginTest" name="dataDrivenLogin" time="29.514"/>
  <testcase classname="com.orangehrm.tests.DataDrivenLoginTest" name="dataDrivenLogin" time="14.959"/>
  <testcase classname="com.orangehrm.tests.DataDrivenLoginTest" name="dataDrivenLogin" time="18.204"/>
  <testcase classname="com.orangehrm.tests.DataDrivenLoginTest" name="dataDrivenLogin" time="23.149"/>
</testsuite> <!-- com.orangehrm.tests.DataDrivenLoginTest -->
