<?xml version="1.0" encoding="UTF-8"?>
<!-- Generated by org.testng.reporters.JUnitReportReporter -->
<testsuite hostname="NIBLP2470" failures="0" tests="4" name="com.orangehrm.tests.LoginTest" time="79.506" errors="0" timestamp="2026-05-21T14:25:23 IST" skipped="0">
  <testcase classname="com.orangehrm.tests.LoginTest" name="validLogin" time="14.608"/>
  <testcase classname="com.orangehrm.tests.LoginTest" name="invalidLogin" time="21.336"/>
  <testcase classname="com.orangehrm.tests.LoginTest" name="emptyLogin" time="29.561"/>
  <testcase classname="com.orangehrm.tests.LoginTest" name="logoutTest" time="14.001"/>
</testsuite> <!-- com.orangehrm.tests.LoginTest -->
