<?xml version="1.0" encoding="UTF-8"?>
<!-- Generated by org.testng.reporters.JUnitReportReporter -->
<testsuite hostname="NIBLP2470" failures="0" tests="4" name="com.orangehrm.tests.DataDrivenLoginTest" time="61.573" errors="0" timestamp="2026-05-22T12:08:00 IST" skipped="0">
  <testcase classname="com.orangehrm.tests.DataDrivenLoginTest" name="dataDrivenLogin" time="27.844"/>
  <testcase classname="com.orangehrm.tests.DataDrivenLoginTest" name="dataDrivenLogin" time="9.045"/>
  <testcase classname="com.orangehrm.tests.DataDrivenLoginTest" name="dataDrivenLogin" time="16.833"/>
  <testcase classname="com.orangehrm.tests.DataDrivenLoginTest" name="dataDrivenLogin" time="7.851"/>
</testsuite> <!-- com.orangehrm.tests.DataDrivenLoginTest -->
