<?xml version="1.0" encoding="UTF-8"?>
<!-- Generated by org.testng.reporters.JUnitReportReporter -->
<testsuite hostname="NIBLP2470" failures="0" tests="4" name="com.orangehrm.tests.PIMTest" time="109.878" errors="0" timestamp="2026-05-25T17:07:08 IST" skipped="0">
  <testcase classname="com.orangehrm.tests.PIMTest" name="verifyEmployeeListPage" time="23.786"/>
  <testcase classname="com.orangehrm.tests.PIMTest" name="verifyAddEmployeePageLoads" time="41.888"/>
  <testcase classname="com.orangehrm.tests.PIMTest" name="addNewEmployee" time="22.583"/>
  <testcase classname="com.orangehrm.tests.PIMTest" name="verifyCancelButton" time="21.621"/>
</testsuite> <!-- com.orangehrm.tests.PIMTest -->
