<?xml version="1.0" encoding="UTF-8"?>
<!-- Generated by org.testng.reporters.JUnitReportReporter -->
<testsuite hostname="NIBLP2470" failures="0" tests="4" name="com.orangehrm.tests.DashboardTest" time="36.881" errors="0" timestamp="2026-05-22T12:08:00 IST" skipped="0">
  <testcase classname="com.orangehrm.tests.DashboardTest" name="verifyDashboardTitle" time="8.054"/>
  <testcase classname="com.orangehrm.tests.DashboardTest" name="verifyWelcomeMessage" time="7.798"/>
  <testcase classname="com.orangehrm.tests.DashboardTest" name="verifyDashboardUrl" time="6.452"/>
  <testcase classname="com.orangehrm.tests.DashboardTest" name="verifyAdminMenuNavigation" time="14.577"/>
</testsuite> <!-- com.orangehrm.tests.DashboardTest -->
